
=== Mon Apr 24 04:59:47 2023

Packages were changed.
Update Mode: mergeDefaultDependencies

The following packages were added:
  com.unity.ide.rider@3.0.16
  com.unity.ide.visualstudio@2.0.16
  com.unity.ide.vscode@1.2.5
  com.unity.modules.androidjni@1.0.0
  com.unity.modules.cloth@1.0.0
  com.unity.modules.director@1.0.0
  com.unity.modules.terrainphysics@1.0.0
  com.unity.modules.tilemap@1.0.0
  com.unity.modules.uielements@1.0.0
  com.unity.modules.umbra@1.0.0
  com.unity.modules.unityanalytics@1.0.0
  com.unity.modules.vehicles@1.0.0
  com.unity.modules.video@1.0.0
  com.unity.modules.wind@1.0.0
  com.unity.visualscripting@1.7.8
The following packages were updated:
  com.unity.collab-proxy from version 1.17.6 to 1.17.7
  com.unity.render-pipelines.universal from version 12.1.7 to 12.1.8

=== Sat Nov 11 15:26:49 2023

Packages were changed.
Update Mode: updateDependencies

The following packages were added:
  com.unity.ai.navigation@1.1.5
The following packages were updated:
  com.unity.collab-proxy from version 1.17.7 to 2.2.0
  com.unity.ide.rider from version 3.0.16 to 3.0.25
  com.unity.ide.visualstudio from version 2.0.16 to 2.0.21
  com.unity.learn.iet-framework from version 2.2.3 to 3.1.3
  com.unity.probuilder from version 5.0.6 to 5.2.0
  com.unity.render-pipelines.universal from version 12.1.8 to 14.0.9
  com.unity.timeline from version 1.6.4 to 1.7.6
  com.unity.visualscripting from version 1.7.8 to 1.9.1
